# JRE version: Java(TM) SE Runtime Environment (8.0_101-b13) (build 1.8.0_101-b13)
# Java VM: Java HotSpot(TM) 64-Bit Server VM (25.101-b13 mixed mode bsd-amd64 compressed oops)
Heap:
 PSYoungGen      total 326656K, used 125778K [0x0000000795580000, 0x00000007bec00000, 0x00000007c0000000)
  eden space 322560K, 38% used [0x0000000795580000,0x000000079cffc9f0,0x00000007a9080000)
  from space 4096K, 8% used [0x00000007be400000,0x00000007be458000,0x00000007be800000)
  to   space 4096K, 0% used [0x00000007be800000,0x00000007be800000,0x00000007bec00000)
 ParOldGen       total 87552K, used 2983K [0x0000000740000000, 0x0000000745580000, 0x0000000795580000)
  object space 87552K, 3% used [0x0000000740000000,0x00000007402e9f68,0x0000000745580000)
 Metaspace       used 10397K, capacity 10610K, committed 10752K, reserved 1058816K
  class space    used 1148K, capacity 1221K, committed 1280K, reserved 1048576K
GC Heap History (10 events):
Event: 1576.198 GC heap before
{Heap before GC invocations=13 (full 0):
 PSYoungGen      total 406528K, used 406464K [0x0000000795580000, 0x00000007bf380000, 0x00000007c0000000)
  eden space 406016K, 100% used [0x0000000795580000,0x00000007ae200000,0x00000007ae200000)
  from space 512K, 87% used [0x00000007bf300000,0x00000007bf370000,0x00000007bf380000)
  to   space 4608K, 0% used [0x00000007bea80000,0x00000007bea80000,0x00000007bef00000)
 ParOldGen       total 87552K, used 2927K [0x0000000740000000, 0x0000000745580000, 0x0000000795580000)
  object space 87552K, 3% used [0x0000000740000000,0x00000007402dbf68,0x0000000745580000)
 Metaspace       used 10320K, capacity 10482K, committed 10752K, reserved 1058816K
  class space    used 1144K, capacity 1221K, committed 1280K, reserved 1048576K
Event: 1576.199 GC heap after
Heap after GC invocations=13 (full 0):
 PSYoungGen      total 392192K, used 352K [0x0000000795580000, 0x00000007bf380000, 0x00000007c0000000)
  eden space 387584K, 0% used [0x0000000795580000,0x0000000795580000,0x00000007ad000000)
  from space 4608K, 7% used [0x00000007bea80000,0x00000007bead8000,0x00000007bef00000)
  to   space 4608K, 0% used [0x00000007bef00000,0x00000007bef00000,0x00000007bf380000)
 ParOldGen       total 87552K, used 2935K [0x0000000740000000, 0x0000000745580000, 0x0000000795580000)
  object space 87552K, 3% used [0x0000000740000000,0x00000007402ddf68,0x0000000745580000)
 Metaspace       used 10320K, capacity 10482K, committed 10752K, reserved 1058816K
  class space    used 1144K, capacity 1221K, committed 1280K, reserved 1048576K
}
Event: 1586.499 GC heap before
{Heap before GC invocations=14 (full 0):
 PSYoungGen      total 392192K, used 387936K [0x0000000795580000, 0x00000007bf380000, 0x00000007c0000000)
  eden space 387584K, 100% used [0x0000000795580000,0x00000007ad000000,0x00000007ad000000)
  from space 4608K, 7% used [0x00000007bea80000,0x00000007bead8000,0x00000007bef00000)
  to   space 4608K, 0% used [0x00000007bef00000,0x00000007bef00000,0x00000007bf380000)
 ParOldGen       total 87552K, used 2935K [0x0000000740000000, 0x0000000745580000, 0x0000000795580000)
  object space 87552K, 3% used [0x0000000740000000,0x00000007402ddf68,0x0000000745580000)
 Metaspace       used 10320K, capacity 10482K, committed 10752K, reserved 1058816K
  class space    used 1144K, capacity 1221K, committed 1280K, reserved 1048576K
Event: 1586.500 GC heap after
Heap after GC invocations=14 (full 0):
 PSYoungGen      total 370688K, used 320K [0x0000000795580000, 0x00000007bef80000, 0x00000007c0000000)
  eden space 370176K, 0% used [0x0000000795580000,0x0000000795580000,0x00000007abf00000)
  from space 512K, 62% used [0x00000007bef00000,0x00000007bef50000,0x00000007bef80000)
  to   space 4096K, 0% used [0x00000007be780000,0x00000007be780000,0x00000007beb80000)
 ParOldGen       total 87552K, used 2943K [0x0000000740000000, 0x0000000745580000, 0x0000000795580000)
  object space 87552K, 3% used [0x0000000740000000,0x00000007402dff68,0x0000000745580000)
 Metaspace       used 10320K, capacity 10482K, committed 10752K, reserved 1058816K
  class space    used 1144K, capacity 1221K, committed 1280K, reserved 1048576K
}
Event: 2125.452 GC heap before
{Heap before GC invocations=15 (full 0):
 PSYoungGen      total 370688K, used 370496K [0x0000000795580000, 0x00000007bef80000, 0x00000007c0000000)
  eden space 370176K, 100% used [0x0000000795580000,0x00000007abf00000,0x00000007abf00000)
  from space 512K, 62% used [0x00000007bef00000,0x00000007bef50000,0x00000007bef80000)
  to   space 4096K, 0% used [0x00000007be780000,0x00000007be780000,0x00000007beb80000)
 ParOldGen       total 87552K, used 2943K [0x0000000740000000, 0x0000000745580000, 0x0000000795580000)
  object space 87552K, 3% used [0x0000000740000000,0x00000007402dff68,0x0000000745580000)
 Metaspace       used 10337K, capacity 10546K, committed 10752K, reserved 1058816K
  class space    used 1144K, capacity 1221K, committed 1280K, reserved 1048576K
Event: 2125.453 GC heap after
Heap after GC invocations=15 (full 0):
 PSYoungGen      total 357376K, used 416K [0x0000000795580000, 0x00000007bef80000, 0x00000007c0000000)
  eden space 353280K, 0% used [0x0000000795580000,0x0000000795580000,0x00000007aae80000)
  from space 4096K, 10% used [0x00000007be780000,0x00000007be7e8000,0x00000007beb80000)
  to   space 4096K, 0% used [0x00000007beb80000,0x00000007beb80000,0x00000007bef80000)
 ParOldGen       total 87552K, used 2951K [0x0000000740000000, 0x0000000745580000, 0x0000000795580000)
  object space 87552K, 3% used [0x0000000740000000,0x00000007402e1f68,0x0000000745580000)
 Metaspace       used 10337K, capacity 10546K, committed 10752K, reserved 1058816K
  class space    used 1144K, capacity 1221K, committed 1280K, reserved 1048576K
}
Event: 2146.435 GC heap before
{Heap before GC invocations=16 (full 0):
 PSYoungGen      total 357376K, used 353696K [0x0000000795580000, 0x00000007bef80000, 0x00000007c0000000)
  eden space 353280K, 100% used [0x0000000795580000,0x00000007aae80000,0x00000007aae80000)
  from space 4096K, 10% used [0x00000007be780000,0x00000007be7e8000,0x00000007beb80000)
  to   space 4096K, 0% used [0x00000007beb80000,0x00000007beb80000,0x00000007bef80000)
 ParOldGen       total 87552K, used 2951K [0x0000000740000000, 0x0000000745580000, 0x0000000795580000)
  object space 87552K, 3% used [0x0000000740000000,0x00000007402e1f68,0x0000000745580000)
 Metaspace       used 10347K, capacity 10546K, committed 10752K, reserved 1058816K
  class space    used 1144K, capacity 1221K, committed 1280K, reserved 1048576K
Event: 2146.436 GC heap after
Heap after GC invocations=16 (full 0):
 PSYoungGen      total 337920K, used 416K [0x0000000795580000, 0x00000007bec00000, 0x00000007c0000000)
  eden space 337408K, 0% used [0x0000000795580000,0x0000000795580000,0x00000007a9f00000)
  from space 512K, 81% used [0x00000007beb80000,0x00000007bebe8000,0x00000007bec00000)
  to   space 4096K, 0% used [0x00000007be400000,0x00000007be400000,0x00000007be800000)
 ParOldGen       total 87552K, used 2967K [0x0000000740000000, 0x0000000745580000, 0x0000000795580000)
  object space 87552K, 3% used [0x0000000740000000,0x00000007402e5f68,0x0000000745580000)
 Metaspace       used 10347K, capacity 10546K, committed 10752K, reserved 1058816K
  class space    used 1144K, capacity 1221K, committed 1280K, reserved 1048576K
}
Event: 2184.302 GC heap before
{Heap before GC invocations=17 (full 0):
 PSYoungGen      total 337920K, used 337824K [0x0000000795580000, 0x00000007bec00000, 0x00000007c0000000)
  eden space 337408K, 100% used [0x0000000795580000,0x00000007a9f00000,0x00000007a9f00000)
  from space 512K, 81% used [0x00000007beb80000,0x00000007bebe8000,0x00000007bec00000)
  to   space 4096K, 0% used [0x00000007be400000,0x00000007be400000,0x00000007be800000)
 ParOldGen       total 87552K, used 2967K [0x0000000740000000, 0x0000000745580000, 0x0000000795580000)
  object space 87552K, 3% used [0x0000000740000000,0x00000007402e5f68,0x0000000745580000)
 Metaspace       used 10363K, capacity 10610K, committed 10752K, reserved 1058816K
  class space    used 1145K, capacity 1221K, committed 1280K, reserved 1048576K
Event: 2184.303 GC heap after
Heap after GC invocations=17 (full 0):
 PSYoungGen      total 326656K, used 352K [0x0000000795580000, 0x00000007bec00000, 0x00000007c0000000)
  eden space 322560K, 0% used [0x0000000795580000,0x0000000795580000,0x00000007a9080000)
  from space 4096K, 8% used [0x00000007be400000,0x00000007be458000,0x00000007be800000)
  to   space 4096K, 0% used [0x00000007be800000,0x00000007be800000,0x00000007bec00000)
 ParOldGen       total 87552K, used 2983K [0x0000000740000000, 0x0000000745580000, 0x0000000795580000)
  object space 87552K, 3% used [0x0000000740000000,0x00000007402e9f68,0x0000000745580000)
 Metaspace       used 10363K, capacity 10610K, committed 10752K, reserved 1058816K
  class space    used 1145K, capacity 1221K, committed 1280K, reserved 1048576K
}

